<?xml version="1.0" encoding="UTF-8"?>
<!-- Generated by org.testng.reporters.JUnitXMLReporter -->
<testsuite ignored="0" hostname="DESKTOP-B0C1R27" failures="0" tests="10" name="Test" time="150.299" errors="0" timestamp="2025-12-12T14:33:54 IST">
  <testcase classname="First.YourTestClass" name="sampleTest" time="0.019"/>
  <testcase classname="First.logintest" name="verifyLogin" time="15.771"/>
  <testcase classname="First.logintest" name="validateLoginModule" time="3.47"/>
  <testcase classname="First.logintest" name="verifyDashboardAfterLogin" time="14.847"/>
  <testcase classname="First.logintest" name="verifyInvalidLoginMessage" time="9.844"/>
  <testcase classname="First.logintest" name="verifyInvalidUsernameOnly" time="14.879"/>
  <testcase classname="First.logintest" name="verifyInvalidPasswordOnly" time="5.023"/>
  <testcase classname="First.logintest" name="verifyEmptyFieldErrorMessages" time="1.585"/>
  <testcase classname="First.logintest" name="Characterlimit" time="3.601"/>
  <testcase classname="First.logintest" name="Casesensitive" time="13.36"/>
</testsuite> <!-- Test -->
