<?xml version="1.0" encoding="UTF-8"?>
<!-- Generated by org.testng.reporters.JUnitReportReporter -->
<testsuite hostname="DESKTOP-B0C1R27" failures="0" tests="4" name="First.admintest" time="53.379" errors="0" timestamp="2025-12-09T17:09:12 IST" skipped="0">
  <testcase classname="First.admintest" name="verifyAdminPageIsVisible" time="12.671"/>
  <testcase classname="First.admintest" name="verifyDropdownSelection" time="13.016"/>
  <testcase classname="First.admintest" name="verifyLogin" time="14.649"/>
  <testcase classname="First.admintest" name="EmployeeName" time="13.043"/>
</testsuite> <!-- First.admintest -->
