<?xml version="1.0" encoding="UTF-8"?>
<!-- Generated by org.testng.reporters.JUnitReportReporter -->
<testsuite hostname="DESKTOP-B0C1R27" failures="0" tests="3" name="First.pimAssignment" time="59.566" errors="0" timestamp="2025-11-27T11:07:36 IST" skipped="0">
  <testcase classname="First.pimAssignment" name="verifyLogin" time="27.156"/>
  <testcase classname="First.pimAssignment" name="validateLogin" time="22.090"/>
  <testcase classname="First.pimAssignment" name="Login" time="10.320"/>
</testsuite> <!-- First.pimAssignment -->
