<?xml version="1.0" encoding="UTF-8"?>
<!-- Generated by org.testng.reporters.JUnitReportReporter -->
<testsuite hostname="DESKTOP-B0C1R27" failures="0" tests="9" name="First.logintest" time="149.910" errors="0" timestamp="2025-12-12T14:33:59 IST" skipped="0">
  <testcase classname="First.logintest" name="verifyLogin" time="23.063"/>
  <testcase classname="First.logintest" name="validateLoginModule" time="14.441"/>
  <testcase classname="First.logintest" name="verifyDashboardAfterLogin" time="22.918"/>
  <testcase classname="First.logintest" name="verifyInvalidLoginMessage" time="18.168"/>
  <testcase classname="First.logintest" name="verifyInvalidUsernameOnly" time="22.075"/>
  <testcase classname="First.logintest" name="verifyInvalidPasswordOnly" time="10.380"/>
  <testcase classname="First.logintest" name="verifyEmptyFieldErrorMessages" time="10.502"/>
  <testcase classname="First.logintest" name="Characterlimit" time="9.402"/>
  <testcase classname="First.logintest" name="Casesensitive" time="18.961"/>
</testsuite> <!-- First.logintest -->
